


ARM Macro Assembler    Page 1 


    1 00000000         ;/******************************************************
                       ********************//**
    2 00000000         ; * @file     startup_LPC17xx.s
    3 00000000         ; * @brief    CMSIS Cortex-M3 Core Device Startup File f
                       or
    4 00000000         ; *           NXP LPC17xx Device Series
    5 00000000         ; * @version  V1.10
    6 00000000         ; * @date     06. April 2011
    7 00000000         ; *
    8 00000000         ; * @note
    9 00000000         ; * Copyright (C) 2009-2011 ARM Limited. All rights rese
                       rved.
   10 00000000         ; *
   11 00000000         ; * @par
   12 00000000         ; * ARM Limited (ARM) is supplying this software for use
                        with Cortex-M
   13 00000000         ; * processor based microcontrollers.  This file can be 
                       freely distributed
   14 00000000         ; * within development tools that are supporting such AR
                       M based processors.
   15 00000000         ; *
   16 00000000         ; * @par
   17 00000000         ; * THIS SOFTWARE IS PROVIDED "AS IS".  NO WARRANTIES, W
                       HETHER EXPRESS, IMPLIED
   18 00000000         ; * OR STATUTORY, INCLUDING, BUT NOT LIMITED TO, IMPLIED
                        WARRANTIES OF
   19 00000000         ; * MERCHANTABILITY AND FITNESS FOR A PARTICULAR PURPOSE
                        APPLY TO THIS SOFTWARE.
   20 00000000         ; * ARM SHALL NOT, IN ANY CIRCUMSTANCES, BE LIABLE FOR S
                       PECIAL, INCIDENTAL, OR
   21 00000000         ; * CONSEQUENTIAL DAMAGES, FOR ANY REASON WHATSOEVER.
   22 00000000         ; *
   23 00000000         ; ******************************************************
                       ************************/
   24 00000000         
   25 00000000         ; *------- <<< Use Configuration Wizard in Context Menu 
                       >>> ------------------
   26 00000000         
   27 00000000         ; <h> Stack Configuration
   28 00000000         ;   <o> Stack Size (in Bytes) <0x0-0xFFFFFFFF:8>
   29 00000000         ; </h>
   30 00000000         
   31 00000000 00000200 
                       Stack_Size
                               EQU              0x00000200
   32 00000000         
   33 00000000                 AREA             STACK, NOINIT, READWRITE, ALIGN
=3
   34 00000000         Stack_Mem
                               SPACE            Stack_Size
   35 00000200         __initial_sp
   36 00000200         
   37 00000200         
   38 00000200         ; <h> Heap Configuration
   39 00000200         ;   <o>  Heap Size (in Bytes) <0x0-0xFFFFFFFF:8>
   40 00000200         ; </h>
   41 00000200         
   42 00000200 00000000 
                       Heap_Size



ARM Macro Assembler    Page 2 


                               EQU              0x00000000
   43 00000200         
   44 00000200                 AREA             HEAP, NOINIT, READWRITE, ALIGN=
3
   45 00000000         __heap_base
   46 00000000         Heap_Mem
                               SPACE            Heap_Size
   47 00000000         __heap_limit
   48 00000000         
   49 00000000         
   50 00000000                 PRESERVE8
   51 00000000                 THUMB
   52 00000000         
   53 00000000         
   54 00000000         ; Vector Table Mapped to Address 0 at Reset
   55 00000000         
   56 00000000                 AREA             RESET, DATA, READONLY
   57 00000000                 EXPORT           __Vectors
   58 00000000         
   59 00000000 00000000 
                       __Vectors
                               DCD              __initial_sp ; Top of Stack
   60 00000004 00000000        DCD              Reset_Handler ; Reset Handler
   61 00000008 00000000        DCD              NMI_Handler ; NMI Handler
   62 0000000C 00000000        DCD              HardFault_Handler ; Hard Fault 
                                                            Handler
   63 00000010 00000000        DCD              MemManage_Handler 
                                                            ; MPU Fault Handler
                                                            
   64 00000014 00000000        DCD              BusFault_Handler 
                                                            ; Bus Fault Handler
                                                            
   65 00000018 00000000        DCD              UsageFault_Handler ; Usage Faul
                                                            t Handler
   66 0000001C 00000000        DCD              0           ; Reserved
   67 00000020 00000000        DCD              0           ; Reserved
   68 00000024 00000000        DCD              0           ; Reserved
   69 00000028 00000000        DCD              0           ; Reserved
   70 0000002C 00000000        DCD              SVC_Handler ; SVCall Handler
   71 00000030 00000000        DCD              DebugMon_Handler ; Debug Monito
                                                            r Handler
   72 00000034 00000000        DCD              0           ; Reserved
   73 00000038 00000000        DCD              PendSV_Handler ; PendSV Handler
                                                            
   74 0000003C 00000000        DCD              SysTick_Handler 
                                                            ; SysTick Handler
   75 00000040         
   76 00000040         ; External Interrupts
   77 00000040 00000000        DCD              WDT_IRQHandler ; 16: Watchdog T
                                                            imer
   78 00000044 00000000        DCD              TIMER0_IRQHandler ; 17: Timer0
   79 00000048 00000000        DCD              TIMER1_IRQHandler ; 18: Timer1
   80 0000004C 00000000        DCD              TIMER2_IRQHandler ; 19: Timer2
   81 00000050 00000000        DCD              TIMER3_IRQHandler ; 20: Timer3
   82 00000054 00000000        DCD              UART0_IRQHandler ; 21: UART0
   83 00000058 00000000        DCD              UART1_IRQHandler ; 22: UART1
   84 0000005C 00000000        DCD              UART2_IRQHandler ; 23: UART2
   85 00000060 00000000        DCD              UART3_IRQHandler ; 24: UART3
   86 00000064 00000000        DCD              PWM1_IRQHandler ; 25: PWM1



ARM Macro Assembler    Page 3 


   87 00000068 00000000        DCD              I2C0_IRQHandler ; 26: I2C0
   88 0000006C 00000000        DCD              I2C1_IRQHandler ; 27: I2C1
   89 00000070 00000000        DCD              I2C2_IRQHandler ; 28: I2C2
   90 00000074 00000000        DCD              SPI_IRQHandler ; 29: SPI
   91 00000078 00000000        DCD              SSP0_IRQHandler ; 30: SSP0
   92 0000007C 00000000        DCD              SSP1_IRQHandler ; 31: SSP1
   93 00000080 00000000        DCD              PLL0_IRQHandler ; 32: PLL0 Lock
                                                             (Main PLL)
   94 00000084 00000000        DCD              RTC_IRQHandler ; 33: Real Time 
                                                            Clock
   95 00000088 00000000        DCD              EINT0_IRQHandler ; 34: External
                                                             Interrupt 0
   96 0000008C 00000000        DCD              EINT1_IRQHandler ; 35: External
                                                             Interrupt 1
   97 00000090 00000000        DCD              EINT2_IRQHandler ; 36: External
                                                             Interrupt 2
   98 00000094 00000000        DCD              EINT3_IRQHandler ; 37: External
                                                             Interrupt 3
   99 00000098 00000000        DCD              ADC_IRQHandler 
                                                            ; 38: A/D Converter
                                                            
  100 0000009C 00000000        DCD              BOD_IRQHandler ; 39: Brown-Out 
                                                            Detect
  101 000000A0 00000000        DCD              USB_IRQHandler ; 40: USB
  102 000000A4 00000000        DCD              CAN_IRQHandler ; 41: CAN
  103 000000A8 00000000        DCD              DMA_IRQHandler ; 42: General Pu
                                                            rpose DMA
  104 000000AC 00000000        DCD              I2S_IRQHandler ; 43: I2S
  105 000000B0 00000000        DCD              ENET_IRQHandler ; 44: Ethernet
  106 000000B4 00000000        DCD              RIT_IRQHandler ; 45: Repetitive
                                                             Interrupt Timer
  107 000000B8 00000000        DCD              MCPWM_IRQHandler ; 46: Motor Co
                                                            ntrol PWM
  108 000000BC 00000000        DCD              QEI_IRQHandler ; 47: Quadrature
                                                             Encoder Interface
  109 000000C0 00000000        DCD              PLL1_IRQHandler ; 48: PLL1 Lock
                                                             (USB PLL)
  110 000000C4 00000000        DCD              USBActivity_IRQHandler ; 49: US
                                                            B Activity interrup
                                                            t to wakeup
  111 000000C8 00000000        DCD              CANActivity_IRQHandler ; 50: CA
                                                            N Activity interrup
                                                            t to wakeup
  112 000000CC         
  113 000000CC         
  114 000000CC                 IF               :LNOT::DEF:NO_CRP
  115 000000CC                 AREA             |.ARM.__at_0x02FC|, CODE, READO
NLY
  116 00000000 FFFFFFFF 
                       CRP_Key DCD              0xFFFFFFFF
  117 00000004                 ENDIF
  118 00000004         
  119 00000004         
  120 00000004                 AREA             My_DATA, DATA, READWRITE, align
=3
  121 00000000         
  122 00000000 00 00 00 
              00 00 00 
              00 00 00 



ARM Macro Assembler    Page 4 


              00 00 00 
              00 00 00 
              00 00 00 
              00 00 00 
              00 00 00 
              00 00 00 
              00 00 00 
              00 00 00 
              00 00 00 
              00 00 00 
              00 00 00 
              00 00 00 
              00 00 00 calories_ordered
                               SPACE            12*4
  123 00000030 00 00 00 
              00 00 00 
              00 00 00 
              00 00 00 
              00 00 00 
              00 00 00 
              00 00 00 
              00 00 00 
              00 00 00 
              00 00 00 
              00 00 00 
              00 00 00 
              00 00 00 
              00 00 00 
              00 00 00 
              00 00 00 quantity_ordered
                               SPACE            12*4
  124 00000060 00 00 00 
              00 00 00 
              00 00 00 
              00 00 00 max_tmp_c
                               SPACE            3*4
  125 0000006C 00 00 00 
              00 00 00 
              00 00 00 
              00 00 00 tmp     SPACE            3*4
  126 00000078 00 00 00 
              00 00 00 
              00 00 00 
              00 00 00 to_swap SPACE            3*4
  127 00000084 00 00 00 
              00       max_tmp_index
                               SPACE            4
  128 00000088         
  129 00000088                 AREA             |.text|, CODE, READONLY, align=
3
  130 00000000         
  131 00000000         
  132 00000000         ; Reset Handler
  133 00000000         
  134 00000000         
  135 00000000         ; definition of symbolic constants
  136 00000000         ;ROW    EQU  5
  137 00000000         ;COL    EQU  4
  138 00000000         ; 



ARM Macro Assembler    Page 5 


  139 00000000         ;ELEMENTS  EQU  ROW * COL
  140 00000000         ;
  141 00000000         ;Register alias
  142 00000000        0 
                       vcal    RN               0
  143 00000000        1 
                       vqua    RN               1
  144 00000000        2 
                       num     RN               2
  145 00000000        A 
                       i       RN               10
  146 00000000        B 
                       j       RN               11
  147 00000000        3 
                       cal_ord RN               3
  148 00000000        4 
                       qua_ord RN               4
  149 00000000         
  150 00000000         
  151 00000000         Reset_Handler
                               PROC
  152 00000000                 EXPORT           Reset_Handler             [WEAK
]
  153 00000000         
  154 00000000         
  155 00000000         ; your code here
  156 00000000 485C            ldr              vcal,=Ingredient_calories
  157 00000002 495D            ldr              vqua,=Ingredient_quantity
  158 00000004         
  159 00000004 4A5D            ldr              num,=Num_ingredients
  160 00000006 7812            ldrb             num,[num]
  161 00000008         
  162 00000008         
  163 00000008 4B5D            ldr              cal_ord,=calories_ordered
  164 0000000A B40D            push             {vcal,num,cal_ord}
  165 0000000C F7FF FFFE       BL               creaVett
  166 00000010 BC0D            pop              {vcal,num,cal_ord}
  167 00000012         
  168 00000012 4C5C            ldr              qua_ord,=quantity_ordered
  169 00000014 B416            push             {vqua,num,qua_ord}
  170 00000016 F7FF FFFE       BL               creaVett
  171 0000001A BC16            pop              {vqua,num,qua_ord}
  172 0000001C         
  173 0000001C B40C            push{num,cal_ord}
  174 0000001E F7FF FFFE       BL               ordina
  175 00000022 BC0C            pop{num,cal_ord}
  176 00000024         
  177 00000024 B414            push{num,qua_ord}
  178 00000026 F7FF FFFE       BL               ordina
  179 0000002A BC14            pop{num,qua_ord}
  180 0000002C         
  181 0000002C 6858            ldr              r0,[cal_ord,#4]
  182 0000002E 6861            ldr              r1,[qua_ord,#4]
  183 00000030 FB00 FB01       mul              r11,r0,r1
  184 00000034         
  185 00000034 4700            BX               R0
  186 00000036                 ENDP
  187 00000036         
  188 00000036         



ARM Macro Assembler    Page 6 


  189 00000036         ; vcal=r0   calord=r3  n=r2          
  190 00000036         ordina  PROC
  191 00000036 B53C            push{r2,r3,r4,r5,LR}
  192 00000038 9C05            ldr              r4,[sp,#20] ;n
  193 0000003A 9D06            ldr              r5,[sp,#24] ;vord
  194 0000003C F04F 0A00       mov              i,#0
  195 00000040 F04F 0B00       mov              j,#0
  196 00000044 4E50            ldr              r6,=max_tmp_c
  197 00000046 F8DF 8144       ldr              r8,=tmp
  198 0000004A 4A51            ldr              r2,=to_swap
  199 0000004C 4623            mov              r3,r4
  200 0000004E F1A3 0301       sub              r3,r3,#1
  201 00000052 EA4F 0444       lsl              r4,#1
  202 00000056         
  203 00000056         
  204 00000056 F855 702A 
                       ext     ldr              r7,[r5,i,lsl #2] ;id
  205 0000005A F8C6 A008       str              i,[r6,#8]
  206 0000005E F8C2 A008       str              i,[r2,#8]
  207 00000062 6037            str              r7,[r6]
  208 00000064 6017            str              r7,[r2]
  209 00000066 F10A 0A01       add              i,i,#1
  210 0000006A F855 702A       ldr              r7,[r5,i,lsl #2] ;val
  211 0000006E 6077            str              r7,[r6,#4]
  212 00000070 6057            str              r7,[r2,#4]
  213 00000072 F10A 0A01       add              i,i,#1
  214 00000076 46D3            mov              j,i
  215 00000078         
  216 00000078         
  217 00000078         
  218 00000078         
  219 00000078         
  220 00000078 F855 702B 
                       ciclo   ldr              r7,[r5,j,lsl#2] ;id
  221 0000007C F8C8 B008       str              j,[r8,#8]
  222 00000080 F8C8 7000       str              r7,[r8]
  223 00000084 F10B 0B01       add              j,j,#1
  224 00000088 F855 902B       ldr              r9,[r5,j,lsl#2] ;val
  225 0000008C F8C8 9004       str              r9,[r8,#4]
  226 00000090 F10B 0B01       add              j,j,#1
  227 00000094 6877            ldr              r7, [r6,#4] ;val
  228 00000096 45B9            cmp              r9,r7
  229 00000098 BFC1 F8C6 
              9004             strgt            r9,[r6,#4]
  230 0000009E F8D8 7000       ldrgt            r7,[r8]
  231 000000A2 6037            strgt            r7,[r6]
  232 000000A4 F8D8 7008       ldrgt            r7,[r8,#8]
  233 000000A8 BFC8 60B7       strgt            r7,[r6,#8]
  234 000000AC         
  235 000000AC         
  236 000000AC         
  237 000000AC 45A3            cmp              j,r4
  238 000000AE D1E3            bne              ciclo
  239 000000B0         
  240 000000B0         
  241 000000B0 68B7            ldr              r7,[r6,#8]  ;index
  242 000000B2 F8D2 9008       ldr              r9,[r2,#8]  ;i
  243 000000B6 45B9            cmp              r9,r7       ;confronto i con in
                                                            dice del max trovat



ARM Macro Assembler    Page 7 


                                                            o
  244 000000B8         ;scrivo quello max nella posizione i
  245 000000B8 BF1F 6837       ldrne            r7,[r6]     ;idmax
  246 000000BC F845 7029       strne            r7,[r5,r9,lsl #2]
  247 000000C0 F109 0901       addne            r9,r9,#1
  248 000000C4 6877            ldrne            r7,[r6,#4]  ;valmax
  249 000000C6 BF1F F845 
              7029             strne            r7,[r5,r9,lsl #2]
  250 000000CC         
  251 000000CC         ;scrivo quello in posizione i nella posizione del max
  252 000000CC 6817            ldrne            r7,[r2]     ;id to swap
  253 000000CE F8D6 9008       ldrne            r9,[r6,#8]  ; index of max
  254 000000D2 F845 7029       strne            r7,[r5,r9,lsl #2]
  255 000000D6 BF1E F109 
              0901             addne            r9,r9,#1
  256 000000DC 6857            ldrne            r7,[r2,#4]  ;val to swap
  257 000000DE F845 7029       strne            r7,[r5,r9,lsl #2]
  258 000000E2         
  259 000000E2 1E5B            subs             r3,r3,#1
  260 000000E4 D1B7            bne              ext
  261 000000E6         
  262 000000E6 BD3C            pop{r2,r3,r4,r5,PC}
  263 000000E8 4700            BX               R0
  264 000000EA                 ENDP
  265 000000EA         
  266 000000EA         
  267 000000EA         
  268 000000EA         
  269 000000EA         
  270 000000EA         creaVett
                               PROC
  271 000000EA E92D 41F0       push             {r4,r5,r6,r7,r8,LR}
  272 000000EE 9C06            ldr              r4,[sp,#24] ;v
  273 000000F0 9D07            ldr              r5,[sp,#28] ;n
  274 000000F2 9E08            ldr              r6,[sp,#32] ;vord
  275 000000F4 F04F 0800       mov              r8,#0
  276 000000F8 EA4F 0545       lsl              r5,#1
  277 000000FC         
  278 000000FC         
  279 000000FC F854 7028 
                       ciclo1  ldr              r7,[r4,r8,lsl #2] ;id
  280 00000100 F846 7028       str              r7,[r6,r8,lsl #2]
  281 00000104 F108 0801       add              r8,r8,#1
  282 00000108 1E6D            subs             r5,r5,#1
  283 0000010A D1F7            bne              ciclo1
  284 0000010C         
  285 0000010C E8BD 81F0       pop{r4,r5,r6,r7,r8,PC}
  286 00000110         
  287 00000110         
  288 00000110                 ENDP
  289 00000110         
  290 00000110         
  291 00000110         
  292 00000110 00000001 
              0000001E 
              00000002 
              00000046 
              00000003 
              000000C8 



ARM Macro Assembler    Page 8 


              00000004 
              0000002A 
              00000005 
              00000051 Ingredient_calories
                               DCD              0x01, 30, 0x02, 70, 0x03, 200, 
0x04, 42, 0x05, 81
  293 00000138 00000006 
              00000014         DCD              0x06, 20
  294 00000140         
  295 00000140 00000002 
              00000032 
              00000005 
              00000003 
              00000003 
              0000000A 
              00000001 
              00000005 
              00000004 Ingredient_quantity
                               DCD              0x02, 50, 0x05, 3, 0x03, 10, 0x
01, 5, 0x04
  296 00000164 00000008 
              00000006 
              0000001E         DCD              8, 0x06, 30
  297 00000170         
  298 00000170 06      Num_ingredients
                               DCB              6
  299 00000171         
  300 00000171         
  301 00000171 00 00 00 
              00000000 
              00000000 
              00000000 
              00000000 
              00000000 
              00000000 
              00000000 
              00000000         LTORG
  302 00000194         
  303 00000194         
  304 00000194         
  305 00000194         
  306 00000194         ; Dummy Exception Handlers (infinite loops which can be 
                       modified)
  307 00000194         
  308 00000194         NMI_Handler
                               PROC
  309 00000194                 EXPORT           NMI_Handler               [WEAK
]
  310 00000194 E7FE            B                .
  311 00000196                 ENDP
  313 00000196         HardFault_Handler
                               PROC
  314 00000196                 EXPORT           HardFault_Handler         [WEAK
]
  315 00000196 E7FE            B                .
  316 00000198                 ENDP
  318 00000198         MemManage_Handler
                               PROC
  319 00000198                 EXPORT           MemManage_Handler         [WEAK



ARM Macro Assembler    Page 9 


]
  320 00000198 E7FE            B                .
  321 0000019A                 ENDP
  323 0000019A         BusFault_Handler
                               PROC
  324 0000019A                 EXPORT           BusFault_Handler          [WEAK
]
  325 0000019A E7FE            B                .
  326 0000019C                 ENDP
  328 0000019C         UsageFault_Handler
                               PROC
  329 0000019C                 EXPORT           UsageFault_Handler        [WEAK
]
  330 0000019C E7FE            B                .
  331 0000019E                 ENDP
  332 0000019E         SVC_Handler
                               PROC
  333 0000019E                 EXPORT           SVC_Handler               [WEAK
]
  334 0000019E E7FE            B                .
  335 000001A0                 ENDP
  337 000001A0         DebugMon_Handler
                               PROC
  338 000001A0                 EXPORT           DebugMon_Handler          [WEAK
]
  339 000001A0 E7FE            B                .
  340 000001A2                 ENDP
  341 000001A2         PendSV_Handler
                               PROC
  342 000001A2                 EXPORT           PendSV_Handler            [WEAK
]
  343 000001A2 E7FE            B                .
  344 000001A4                 ENDP
  345 000001A4         SysTick_Handler
                               PROC
  346 000001A4                 EXPORT           SysTick_Handler           [WEAK
]
  347 000001A4 E7FE            B                .
  348 000001A6                 ENDP
  349 000001A6         
  350 000001A6         Default_Handler
                               PROC
  351 000001A6         
  352 000001A6                 EXPORT           WDT_IRQHandler            [WEAK
]
  353 000001A6                 EXPORT           TIMER0_IRQHandler         [WEAK
]
  354 000001A6                 EXPORT           TIMER1_IRQHandler         [WEAK
]
  355 000001A6                 EXPORT           TIMER2_IRQHandler         [WEAK
]
  356 000001A6                 EXPORT           TIMER3_IRQHandler         [WEAK
]
  357 000001A6                 EXPORT           UART0_IRQHandler          [WEAK
]
  358 000001A6                 EXPORT           UART1_IRQHandler          [WEAK
]
  359 000001A6                 EXPORT           UART2_IRQHandler          [WEAK
]



ARM Macro Assembler    Page 10 


  360 000001A6                 EXPORT           UART3_IRQHandler          [WEAK
]
  361 000001A6                 EXPORT           PWM1_IRQHandler           [WEAK
]
  362 000001A6                 EXPORT           I2C0_IRQHandler           [WEAK
]
  363 000001A6                 EXPORT           I2C1_IRQHandler           [WEAK
]
  364 000001A6                 EXPORT           I2C2_IRQHandler           [WEAK
]
  365 000001A6                 EXPORT           SPI_IRQHandler            [WEAK
]
  366 000001A6                 EXPORT           SSP0_IRQHandler           [WEAK
]
  367 000001A6                 EXPORT           SSP1_IRQHandler           [WEAK
]
  368 000001A6                 EXPORT           PLL0_IRQHandler           [WEAK
]
  369 000001A6                 EXPORT           RTC_IRQHandler            [WEAK
]
  370 000001A6                 EXPORT           EINT0_IRQHandler          [WEAK
]
  371 000001A6                 EXPORT           EINT1_IRQHandler          [WEAK
]
  372 000001A6                 EXPORT           EINT2_IRQHandler          [WEAK
]
  373 000001A6                 EXPORT           EINT3_IRQHandler          [WEAK
]
  374 000001A6                 EXPORT           ADC_IRQHandler            [WEAK
]
  375 000001A6                 EXPORT           BOD_IRQHandler            [WEAK
]
  376 000001A6                 EXPORT           USB_IRQHandler            [WEAK
]
  377 000001A6                 EXPORT           CAN_IRQHandler            [WEAK
]
  378 000001A6                 EXPORT           DMA_IRQHandler            [WEAK
]
  379 000001A6                 EXPORT           I2S_IRQHandler            [WEAK
]
  380 000001A6                 EXPORT           ENET_IRQHandler           [WEAK
]
  381 000001A6                 EXPORT           RIT_IRQHandler            [WEAK
]
  382 000001A6                 EXPORT           MCPWM_IRQHandler          [WEAK
]
  383 000001A6                 EXPORT           QEI_IRQHandler            [WEAK
]
  384 000001A6                 EXPORT           PLL1_IRQHandler           [WEAK
]
  385 000001A6                 EXPORT           USBActivity_IRQHandler    [WEAK
]
  386 000001A6                 EXPORT           CANActivity_IRQHandler    [WEAK
]
  387 000001A6         
  388 000001A6         WDT_IRQHandler
  389 000001A6         TIMER0_IRQHandler
  390 000001A6         TIMER1_IRQHandler
  391 000001A6         TIMER2_IRQHandler



ARM Macro Assembler    Page 11 


  392 000001A6         TIMER3_IRQHandler
  393 000001A6         UART0_IRQHandler
  394 000001A6         UART1_IRQHandler
  395 000001A6         UART2_IRQHandler
  396 000001A6         UART3_IRQHandler
  397 000001A6         PWM1_IRQHandler
  398 000001A6         I2C0_IRQHandler
  399 000001A6         I2C1_IRQHandler
  400 000001A6         I2C2_IRQHandler
  401 000001A6         SPI_IRQHandler
  402 000001A6         SSP0_IRQHandler
  403 000001A6         SSP1_IRQHandler
  404 000001A6         PLL0_IRQHandler
  405 000001A6         RTC_IRQHandler
  406 000001A6         EINT0_IRQHandler
  407 000001A6         EINT1_IRQHandler
  408 000001A6         EINT2_IRQHandler
  409 000001A6         EINT3_IRQHandler
  410 000001A6         ADC_IRQHandler
  411 000001A6         BOD_IRQHandler
  412 000001A6         USB_IRQHandler
  413 000001A6         CAN_IRQHandler
  414 000001A6         DMA_IRQHandler
  415 000001A6         I2S_IRQHandler
  416 000001A6         ENET_IRQHandler
  417 000001A6         RIT_IRQHandler
  418 000001A6         MCPWM_IRQHandler
  419 000001A6         QEI_IRQHandler
  420 000001A6         PLL1_IRQHandler
  421 000001A6         USBActivity_IRQHandler
  422 000001A6         CANActivity_IRQHandler
  423 000001A6         
  424 000001A6 E7FE            B                .
  425 000001A8         
  426 000001A8                 ENDP
  427 000001A8         
  428 000001A8         
  429 000001A8                 ALIGN
  430 000001A8         
  431 000001A8         
  432 000001A8         ; User Initial Stack & Heap
  433 000001A8         
  434 000001A8                 EXPORT           __initial_sp
  435 000001A8                 EXPORT           __heap_base
  436 000001A8                 EXPORT           __heap_limit
  437 000001A8         
  438 000001A8                 END
Command Line: --debug --xref --diag_suppress=9931 --cpu=Cortex-M3 --apcs=interw
ork --depend=.\startup.d -o.\startup.o -I.\RTE\_Target_1 -IC:\Users\rfran\AppDa
ta\Local\Arm\Packs\ARM\CMSIS\5.8.0\CMSIS\Core\Include -IC:\Users\rfran\AppData\
Local\Arm\Packs\Keil\LPC1700_DFP\2.7.1\Device\Include --predefine="__EVAL SETA 
1" --predefine="__UVISION_VERSION SETA 536" --predefine="_RTE_ SETA 1" --predef
ine="LPC175x_6x SETA 1" --predefine="_RTE_ SETA 1" --list=.\startup.lst startup
.s



ARM Macro Assembler    Page 1 Alphabetic symbol ordering
Relocatable symbols

STACK 00000000

Symbol: STACK
   Definitions
      At line 33 in file startup.s
   Uses
      None
Comment: STACK unused
Stack_Mem 00000000

Symbol: Stack_Mem
   Definitions
      At line 34 in file startup.s
   Uses
      None
Comment: Stack_Mem unused
__initial_sp 00000200

Symbol: __initial_sp
   Definitions
      At line 35 in file startup.s
   Uses
      At line 59 in file startup.s
      At line 434 in file startup.s

3 symbols



ARM Macro Assembler    Page 1 Alphabetic symbol ordering
Relocatable symbols

HEAP 00000000

Symbol: HEAP
   Definitions
      At line 44 in file startup.s
   Uses
      None
Comment: HEAP unused
Heap_Mem 00000000

Symbol: Heap_Mem
   Definitions
      At line 46 in file startup.s
   Uses
      None
Comment: Heap_Mem unused
__heap_base 00000000

Symbol: __heap_base
   Definitions
      At line 45 in file startup.s
   Uses
      At line 435 in file startup.s
Comment: __heap_base used once
__heap_limit 00000000

Symbol: __heap_limit
   Definitions
      At line 47 in file startup.s
   Uses
      At line 436 in file startup.s
Comment: __heap_limit used once
4 symbols



ARM Macro Assembler    Page 1 Alphabetic symbol ordering
Relocatable symbols

RESET 00000000

Symbol: RESET
   Definitions
      At line 56 in file startup.s
   Uses
      None
Comment: RESET unused
__Vectors 00000000

Symbol: __Vectors
   Definitions
      At line 59 in file startup.s
   Uses
      At line 57 in file startup.s
Comment: __Vectors used once
2 symbols



ARM Macro Assembler    Page 1 Alphabetic symbol ordering
Relocatable symbols

.ARM.__at_0x02FC 00000000

Symbol: .ARM.__at_0x02FC
   Definitions
      At line 115 in file startup.s
   Uses
      None
Comment: .ARM.__at_0x02FC unused
CRP_Key 00000000

Symbol: CRP_Key
   Definitions
      At line 116 in file startup.s
   Uses
      None
Comment: CRP_Key unused
2 symbols



ARM Macro Assembler    Page 1 Alphabetic symbol ordering
Relocatable symbols

My_DATA 00000000

Symbol: My_DATA
   Definitions
      At line 120 in file startup.s
   Uses
      None
Comment: My_DATA unused
calories_ordered 00000000

Symbol: calories_ordered
   Definitions
      At line 122 in file startup.s
   Uses
      At line 163 in file startup.s
Comment: calories_ordered used once
max_tmp_c 00000060

Symbol: max_tmp_c
   Definitions
      At line 124 in file startup.s
   Uses
      At line 196 in file startup.s
Comment: max_tmp_c used once
max_tmp_index 00000084

Symbol: max_tmp_index
   Definitions
      At line 127 in file startup.s
   Uses
      None
Comment: max_tmp_index unused
quantity_ordered 00000030

Symbol: quantity_ordered
   Definitions
      At line 123 in file startup.s
   Uses
      At line 168 in file startup.s
Comment: quantity_ordered used once
tmp 0000006C

Symbol: tmp
   Definitions
      At line 125 in file startup.s
   Uses
      At line 197 in file startup.s
Comment: tmp used once
to_swap 00000078

Symbol: to_swap
   Definitions
      At line 126 in file startup.s
   Uses
      At line 198 in file startup.s
Comment: to_swap used once
7 symbols



ARM Macro Assembler    Page 1 Alphabetic symbol ordering
Relocatable symbols

.text 00000000

Symbol: .text
   Definitions
      At line 129 in file startup.s
   Uses
      None
Comment: .text unused
ADC_IRQHandler 000001A6

Symbol: ADC_IRQHandler
   Definitions
      At line 410 in file startup.s
   Uses
      At line 99 in file startup.s
      At line 374 in file startup.s

BOD_IRQHandler 000001A6

Symbol: BOD_IRQHandler
   Definitions
      At line 411 in file startup.s
   Uses
      At line 100 in file startup.s
      At line 375 in file startup.s

BusFault_Handler 0000019A

Symbol: BusFault_Handler
   Definitions
      At line 323 in file startup.s
   Uses
      At line 64 in file startup.s
      At line 324 in file startup.s

CANActivity_IRQHandler 000001A6

Symbol: CANActivity_IRQHandler
   Definitions
      At line 422 in file startup.s
   Uses
      At line 111 in file startup.s
      At line 386 in file startup.s

CAN_IRQHandler 000001A6

Symbol: CAN_IRQHandler
   Definitions
      At line 413 in file startup.s
   Uses
      At line 102 in file startup.s
      At line 377 in file startup.s

DMA_IRQHandler 000001A6

Symbol: DMA_IRQHandler
   Definitions
      At line 414 in file startup.s
   Uses



ARM Macro Assembler    Page 2 Alphabetic symbol ordering
Relocatable symbols

      At line 103 in file startup.s
      At line 378 in file startup.s

DebugMon_Handler 000001A0

Symbol: DebugMon_Handler
   Definitions
      At line 337 in file startup.s
   Uses
      At line 71 in file startup.s
      At line 338 in file startup.s

Default_Handler 000001A6

Symbol: Default_Handler
   Definitions
      At line 350 in file startup.s
   Uses
      None
Comment: Default_Handler unused
EINT0_IRQHandler 000001A6

Symbol: EINT0_IRQHandler
   Definitions
      At line 406 in file startup.s
   Uses
      At line 95 in file startup.s
      At line 370 in file startup.s

EINT1_IRQHandler 000001A6

Symbol: EINT1_IRQHandler
   Definitions
      At line 407 in file startup.s
   Uses
      At line 96 in file startup.s
      At line 371 in file startup.s

EINT2_IRQHandler 000001A6

Symbol: EINT2_IRQHandler
   Definitions
      At line 408 in file startup.s
   Uses
      At line 97 in file startup.s
      At line 372 in file startup.s

EINT3_IRQHandler 000001A6

Symbol: EINT3_IRQHandler
   Definitions
      At line 409 in file startup.s
   Uses
      At line 98 in file startup.s
      At line 373 in file startup.s

ENET_IRQHandler 000001A6

Symbol: ENET_IRQHandler



ARM Macro Assembler    Page 3 Alphabetic symbol ordering
Relocatable symbols

   Definitions
      At line 416 in file startup.s
   Uses
      At line 105 in file startup.s
      At line 380 in file startup.s

HardFault_Handler 00000196

Symbol: HardFault_Handler
   Definitions
      At line 313 in file startup.s
   Uses
      At line 62 in file startup.s
      At line 314 in file startup.s

I2C0_IRQHandler 000001A6

Symbol: I2C0_IRQHandler
   Definitions
      At line 398 in file startup.s
   Uses
      At line 87 in file startup.s
      At line 362 in file startup.s

I2C1_IRQHandler 000001A6

Symbol: I2C1_IRQHandler
   Definitions
      At line 399 in file startup.s
   Uses
      At line 88 in file startup.s
      At line 363 in file startup.s

I2C2_IRQHandler 000001A6

Symbol: I2C2_IRQHandler
   Definitions
      At line 400 in file startup.s
   Uses
      At line 89 in file startup.s
      At line 364 in file startup.s

I2S_IRQHandler 000001A6

Symbol: I2S_IRQHandler
   Definitions
      At line 415 in file startup.s
   Uses
      At line 104 in file startup.s
      At line 379 in file startup.s

Ingredient_calories 00000110

Symbol: Ingredient_calories
   Definitions
      At line 292 in file startup.s
   Uses
      At line 156 in file startup.s
Comment: Ingredient_calories used once



ARM Macro Assembler    Page 4 Alphabetic symbol ordering
Relocatable symbols

Ingredient_quantity 00000140

Symbol: Ingredient_quantity
   Definitions
      At line 295 in file startup.s
   Uses
      At line 157 in file startup.s
Comment: Ingredient_quantity used once
MCPWM_IRQHandler 000001A6

Symbol: MCPWM_IRQHandler
   Definitions
      At line 418 in file startup.s
   Uses
      At line 107 in file startup.s
      At line 382 in file startup.s

MemManage_Handler 00000198

Symbol: MemManage_Handler
   Definitions
      At line 318 in file startup.s
   Uses
      At line 63 in file startup.s
      At line 319 in file startup.s

NMI_Handler 00000194

Symbol: NMI_Handler
   Definitions
      At line 308 in file startup.s
   Uses
      At line 61 in file startup.s
      At line 309 in file startup.s

Num_ingredients 00000170

Symbol: Num_ingredients
   Definitions
      At line 298 in file startup.s
   Uses
      At line 159 in file startup.s
Comment: Num_ingredients used once
PLL0_IRQHandler 000001A6

Symbol: PLL0_IRQHandler
   Definitions
      At line 404 in file startup.s
   Uses
      At line 93 in file startup.s
      At line 368 in file startup.s

PLL1_IRQHandler 000001A6

Symbol: PLL1_IRQHandler
   Definitions
      At line 420 in file startup.s
   Uses
      At line 109 in file startup.s



ARM Macro Assembler    Page 5 Alphabetic symbol ordering
Relocatable symbols

      At line 384 in file startup.s

PWM1_IRQHandler 000001A6

Symbol: PWM1_IRQHandler
   Definitions
      At line 397 in file startup.s
   Uses
      At line 86 in file startup.s
      At line 361 in file startup.s

PendSV_Handler 000001A2

Symbol: PendSV_Handler
   Definitions
      At line 341 in file startup.s
   Uses
      At line 73 in file startup.s
      At line 342 in file startup.s

QEI_IRQHandler 000001A6

Symbol: QEI_IRQHandler
   Definitions
      At line 419 in file startup.s
   Uses
      At line 108 in file startup.s
      At line 383 in file startup.s

RIT_IRQHandler 000001A6

Symbol: RIT_IRQHandler
   Definitions
      At line 417 in file startup.s
   Uses
      At line 106 in file startup.s
      At line 381 in file startup.s

RTC_IRQHandler 000001A6

Symbol: RTC_IRQHandler
   Definitions
      At line 405 in file startup.s
   Uses
      At line 94 in file startup.s
      At line 369 in file startup.s

Reset_Handler 00000000

Symbol: Reset_Handler
   Definitions
      At line 151 in file startup.s
   Uses
      At line 60 in file startup.s
      At line 152 in file startup.s

SPI_IRQHandler 000001A6

Symbol: SPI_IRQHandler



ARM Macro Assembler    Page 6 Alphabetic symbol ordering
Relocatable symbols

   Definitions
      At line 401 in file startup.s
   Uses
      At line 90 in file startup.s
      At line 365 in file startup.s

SSP0_IRQHandler 000001A6

Symbol: SSP0_IRQHandler
   Definitions
      At line 402 in file startup.s
   Uses
      At line 91 in file startup.s
      At line 366 in file startup.s

SSP1_IRQHandler 000001A6

Symbol: SSP1_IRQHandler
   Definitions
      At line 403 in file startup.s
   Uses
      At line 92 in file startup.s
      At line 367 in file startup.s

SVC_Handler 0000019E

Symbol: SVC_Handler
   Definitions
      At line 332 in file startup.s
   Uses
      At line 70 in file startup.s
      At line 333 in file startup.s

SysTick_Handler 000001A4

Symbol: SysTick_Handler
   Definitions
      At line 345 in file startup.s
   Uses
      At line 74 in file startup.s
      At line 346 in file startup.s

TIMER0_IRQHandler 000001A6

Symbol: TIMER0_IRQHandler
   Definitions
      At line 389 in file startup.s
   Uses
      At line 78 in file startup.s
      At line 353 in file startup.s

TIMER1_IRQHandler 000001A6

Symbol: TIMER1_IRQHandler
   Definitions
      At line 390 in file startup.s
   Uses
      At line 79 in file startup.s
      At line 354 in file startup.s



ARM Macro Assembler    Page 7 Alphabetic symbol ordering
Relocatable symbols


TIMER2_IRQHandler 000001A6

Symbol: TIMER2_IRQHandler
   Definitions
      At line 391 in file startup.s
   Uses
      At line 80 in file startup.s
      At line 355 in file startup.s

TIMER3_IRQHandler 000001A6

Symbol: TIMER3_IRQHandler
   Definitions
      At line 392 in file startup.s
   Uses
      At line 81 in file startup.s
      At line 356 in file startup.s

UART0_IRQHandler 000001A6

Symbol: UART0_IRQHandler
   Definitions
      At line 393 in file startup.s
   Uses
      At line 82 in file startup.s
      At line 357 in file startup.s

UART1_IRQHandler 000001A6

Symbol: UART1_IRQHandler
   Definitions
      At line 394 in file startup.s
   Uses
      At line 83 in file startup.s
      At line 358 in file startup.s

UART2_IRQHandler 000001A6

Symbol: UART2_IRQHandler
   Definitions
      At line 395 in file startup.s
   Uses
      At line 84 in file startup.s
      At line 359 in file startup.s

UART3_IRQHandler 000001A6

Symbol: UART3_IRQHandler
   Definitions
      At line 396 in file startup.s
   Uses
      At line 85 in file startup.s
      At line 360 in file startup.s

USBActivity_IRQHandler 000001A6

Symbol: USBActivity_IRQHandler
   Definitions



ARM Macro Assembler    Page 8 Alphabetic symbol ordering
Relocatable symbols

      At line 421 in file startup.s
   Uses
      At line 110 in file startup.s
      At line 385 in file startup.s

USB_IRQHandler 000001A6

Symbol: USB_IRQHandler
   Definitions
      At line 412 in file startup.s
   Uses
      At line 101 in file startup.s
      At line 376 in file startup.s

UsageFault_Handler 0000019C

Symbol: UsageFault_Handler
   Definitions
      At line 328 in file startup.s
   Uses
      At line 65 in file startup.s
      At line 329 in file startup.s

WDT_IRQHandler 000001A6

Symbol: WDT_IRQHandler
   Definitions
      At line 388 in file startup.s
   Uses
      At line 77 in file startup.s
      At line 352 in file startup.s

ciclo 00000078

Symbol: ciclo
   Definitions
      At line 220 in file startup.s
   Uses
      At line 238 in file startup.s
Comment: ciclo used once
ciclo1 000000FC

Symbol: ciclo1
   Definitions
      At line 279 in file startup.s
   Uses
      At line 283 in file startup.s
Comment: ciclo1 used once
creaVett 000000EA

Symbol: creaVett
   Definitions
      At line 270 in file startup.s
   Uses
      At line 165 in file startup.s
      At line 170 in file startup.s

ext 00000056




ARM Macro Assembler    Page 9 Alphabetic symbol ordering
Relocatable symbols

Symbol: ext
   Definitions
      At line 204 in file startup.s
   Uses
      At line 260 in file startup.s
Comment: ext used once
ordina 00000036

Symbol: ordina
   Definitions
      At line 190 in file startup.s
   Uses
      At line 174 in file startup.s
      At line 178 in file startup.s

55 symbols



ARM Macro Assembler    Page 1 Alphabetic symbol ordering
Absolute symbols

Heap_Size 00000000

Symbol: Heap_Size
   Definitions
      At line 42 in file startup.s
   Uses
      At line 46 in file startup.s
Comment: Heap_Size used once
Stack_Size 00000200

Symbol: Stack_Size
   Definitions
      At line 31 in file startup.s
   Uses
      At line 34 in file startup.s
Comment: Stack_Size used once
2 symbols
420 symbols in table
