


ARM Macro Assembler    Page 1 


    1 00000000         ;/******************************************************
                       ********************//**
    2 00000000         ; * @file     startup_LPC17xx.s
    3 00000000         ; * @brief    CMSIS Cortex-M3 Core Device Startup File f
                       or
    4 00000000         ; *           NXP LPC17xx Device Series
    5 00000000         ; * @version  V1.10
    6 00000000         ; * @date     06. April 2011
    7 00000000         ; *
    8 00000000         ; * @note
    9 00000000         ; * Copyright (C) 2009-2011 ARM Limited. All rights rese
                       rved.
   10 00000000         ; *
   11 00000000         ; * @par
   12 00000000         ; * ARM Limited (ARM) is supplying this software for use
                        with Cortex-M
   13 00000000         ; * processor based microcontrollers.  This file can be 
                       freely distributed
   14 00000000         ; * within development tools that are supporting such AR
                       M based processors.
   15 00000000         ; *
   16 00000000         ; * @par
   17 00000000         ; * THIS SOFTWARE IS PROVIDED "AS IS".  NO WARRANTIES, W
                       HETHER EXPRESS, IMPLIED
   18 00000000         ; * OR STATUTORY, INCLUDING, BUT NOT LIMITED TO, IMPLIED
                        WARRANTIES OF
   19 00000000         ; * MERCHANTABILITY AND FITNESS FOR A PARTICULAR PURPOSE
                        APPLY TO THIS SOFTWARE.
   20 00000000         ; * ARM SHALL NOT, IN ANY CIRCUMSTANCES, BE LIABLE FOR S
                       PECIAL, INCIDENTAL, OR
   21 00000000         ; * CONSEQUENTIAL DAMAGES, FOR ANY REASON WHATSOEVER.
   22 00000000         ; *
   23 00000000         ; ******************************************************
                       ************************/
   24 00000000         
   25 00000000         ; *------- <<< Use Configuration Wizard in Context Menu 
                       >>> ------------------
   26 00000000         
   27 00000000         ; <h> Stack Configuration
   28 00000000         ;   <o> Stack Size (in Bytes) <0x0-0xFFFFFFFF:8>
   29 00000000         ; </h>
   30 00000000         
   31 00000000 00000200 
                       Stack_Size
                               EQU              0x00000200
   32 00000000         
   33 00000000                 AREA             STACK, NOINIT, READWRITE, ALIGN
=3
   34 00000000         Stack_Mem
                               SPACE            Stack_Size
   35 00000200         __initial_sp
   36 00000200         
   37 00000200         
   38 00000200         ; <h> Heap Configuration
   39 00000200         ;   <o>  Heap Size (in Bytes) <0x0-0xFFFFFFFF:8>
   40 00000200         ; </h>
   41 00000200         
   42 00000200 00000000 
                       Heap_Size



ARM Macro Assembler    Page 2 


                               EQU              0x00000000
   43 00000200         
   44 00000200                 AREA             HEAP, NOINIT, READWRITE, ALIGN=
3
   45 00000000         __heap_base
   46 00000000         Heap_Mem
                               SPACE            Heap_Size
   47 00000000         __heap_limit
   48 00000000         
   49 00000000         
   50 00000000                 PRESERVE8
   51 00000000                 THUMB
   52 00000000         
   53 00000000         
   54 00000000         ; Vector Table Mapped to Address 0 at Reset
   55 00000000         
   56 00000000                 AREA             RESET, DATA, READONLY
   57 00000000                 EXPORT           __Vectors
   58 00000000         
   59 00000000 00000000 
                       __Vectors
                               DCD              __initial_sp ; Top of Stack
   60 00000004 00000000        DCD              Reset_Handler ; Reset Handler
   61 00000008 00000000        DCD              NMI_Handler ; NMI Handler
   62 0000000C 00000000        DCD              HardFault_Handler ; Hard Fault 
                                                            Handler
   63 00000010 00000000        DCD              MemManage_Handler 
                                                            ; MPU Fault Handler
                                                            
   64 00000014 00000000        DCD              BusFault_Handler 
                                                            ; Bus Fault Handler
                                                            
   65 00000018 00000000        DCD              UsageFault_Handler ; Usage Faul
                                                            t Handler
   66 0000001C 00000000        DCD              0           ; Reserved
   67 00000020 00000000        DCD              0           ; Reserved
   68 00000024 00000000        DCD              0           ; Reserved
   69 00000028 00000000        DCD              0           ; Reserved
   70 0000002C 00000000        DCD              SVC_Handler ; SVCall Handler
   71 00000030 00000000        DCD              DebugMon_Handler ; Debug Monito
                                                            r Handler
   72 00000034 00000000        DCD              0           ; Reserved
   73 00000038 00000000        DCD              PendSV_Handler ; PendSV Handler
                                                            
   74 0000003C 00000000        DCD              SysTick_Handler 
                                                            ; SysTick Handler
   75 00000040         
   76 00000040         ; External Interrupts
   77 00000040 00000000        DCD              WDT_IRQHandler ; 16: Watchdog T
                                                            imer
   78 00000044 00000000        DCD              TIMER0_IRQHandler ; 17: Timer0
   79 00000048 00000000        DCD              TIMER1_IRQHandler ; 18: Timer1
   80 0000004C 00000000        DCD              TIMER2_IRQHandler ; 19: Timer2
   81 00000050 00000000        DCD              TIMER3_IRQHandler ; 20: Timer3
   82 00000054 00000000        DCD              UART0_IRQHandler ; 21: UART0
   83 00000058 00000000        DCD              UART1_IRQHandler ; 22: UART1
   84 0000005C 00000000        DCD              UART2_IRQHandler ; 23: UART2
   85 00000060 00000000        DCD              UART3_IRQHandler ; 24: UART3
   86 00000064 00000000        DCD              PWM1_IRQHandler ; 25: PWM1



ARM Macro Assembler    Page 3 


   87 00000068 00000000        DCD              I2C0_IRQHandler ; 26: I2C0
   88 0000006C 00000000        DCD              I2C1_IRQHandler ; 27: I2C1
   89 00000070 00000000        DCD              I2C2_IRQHandler ; 28: I2C2
   90 00000074 00000000        DCD              SPI_IRQHandler ; 29: SPI
   91 00000078 00000000        DCD              SSP0_IRQHandler ; 30: SSP0
   92 0000007C 00000000        DCD              SSP1_IRQHandler ; 31: SSP1
   93 00000080 00000000        DCD              PLL0_IRQHandler ; 32: PLL0 Lock
                                                             (Main PLL)
   94 00000084 00000000        DCD              RTC_IRQHandler ; 33: Real Time 
                                                            Clock
   95 00000088 00000000        DCD              EINT0_IRQHandler ; 34: External
                                                             Interrupt 0
   96 0000008C 00000000        DCD              EINT1_IRQHandler ; 35: External
                                                             Interrupt 1
   97 00000090 00000000        DCD              EINT2_IRQHandler ; 36: External
                                                             Interrupt 2
   98 00000094 00000000        DCD              EINT3_IRQHandler ; 37: External
                                                             Interrupt 3
   99 00000098 00000000        DCD              ADC_IRQHandler 
                                                            ; 38: A/D Converter
                                                            
  100 0000009C 00000000        DCD              BOD_IRQHandler ; 39: Brown-Out 
                                                            Detect
  101 000000A0 00000000        DCD              USB_IRQHandler ; 40: USB
  102 000000A4 00000000        DCD              CAN_IRQHandler ; 41: CAN
  103 000000A8 00000000        DCD              DMA_IRQHandler ; 42: General Pu
                                                            rpose DMA
  104 000000AC 00000000        DCD              I2S_IRQHandler ; 43: I2S
  105 000000B0 00000000        DCD              ENET_IRQHandler ; 44: Ethernet
  106 000000B4 00000000        DCD              RIT_IRQHandler ; 45: Repetitive
                                                             Interrupt Timer
  107 000000B8 00000000        DCD              MCPWM_IRQHandler ; 46: Motor Co
                                                            ntrol PWM
  108 000000BC 00000000        DCD              QEI_IRQHandler ; 47: Quadrature
                                                             Encoder Interface
  109 000000C0 00000000        DCD              PLL1_IRQHandler ; 48: PLL1 Lock
                                                             (USB PLL)
  110 000000C4 00000000        DCD              USBActivity_IRQHandler ; 49: US
                                                            B Activity interrup
                                                            t to wakeup
  111 000000C8 00000000        DCD              CANActivity_IRQHandler ; 50: CA
                                                            N Activity interrup
                                                            t to wakeup
  112 000000CC         
  113 000000CC         
  114 000000CC                 IF               :LNOT::DEF:NO_CRP
  115 000000CC                 AREA             |.ARM.__at_0x02FC|, CODE, READO
NLY
  116 00000000 FFFFFFFF 
                       CRP_Key DCD              0xFFFFFFFF
  117 00000004                 ENDIF
  118 00000004         
  119 00000004         
  120 00000004                 AREA             |.text|, CODE, READONLY, align=
3
  121 00000000         
  122 00000000         
  123 00000000         ; Reset Handler
  124 00000000         



ARM Macro Assembler    Page 4 


  125 00000000        0 
                       calories
                               RN               0           ; R0 -> matrix
  126 00000000        1 
                       quantity
                               RN               1           ; R1 -> new_matrix
  127 00000000        2 
                       c       RN               2           ; 
  128 00000000        3 
                       q       RN               3
  129 00000000        4 
                       num     RN               4
  130 00000000         
  131 00000000         
  132 00000000         Reset_Handler
                               PROC
  133 00000000                 EXPORT           Reset_Handler             [WEAK
]
  134 00000000 482F            LDR              R0, =Reset_Handler
  135 00000002         
  136 00000002         ; your code here
  137 00000002 4830            LDR              calories, =Ingredient_calories
  138 00000004 4930            LDR              quantity, =Ingredient_quantity
  139 00000006 F04F 0200       MOV              c, #0
  140 0000000A F04F 0300       MOV              q, #0
  141 0000000E F04F 0A00       mov              r10,#0
  142 00000012         
  143 00000012 4C2E            LDR              num, =Num_ingredients
  144 00000014 7824            LDRB             num, [num]  ;6
  145 00000016         
  146 00000016         ;r5 id cal
  147 00000016         ;r6 cal
  148 00000016         ;r7 id quant
  149 00000016         ;r8 quant
  150 00000016         ;r9 prodotto
  151 00000016         ;r10 tot
  152 00000016         
  153 00000016 F850 5022 
                       ciclo_cal
                               ldr              r5, [calories, c,lsl #2]
  154 0000001A F102 0201       add              c, c, #1
  155 0000001E F850 6022       ldr              r6, [calories, c, lsl #2]
  156 00000022 F102 0201       add              c, c, #1
  157 00000026         
  158 00000026 F04F 0300       MOV              q, #0
  159 0000002A         
  160 0000002A F851 7023 
                       ciclo_quant
                               ldr              r7, [quantity, q, lsl #2]
  161 0000002E 42BD            cmp              r5,r7
  162 00000030 BF18 1C9B       addne            q,q,#2
  163 00000034 D1F9            bne              ciclo_quant
  164 00000036 F103 0301       add              q,q,#1
  165 0000003A F851 8023       ldr              r8,[quantity,q,lsl #2]
  166 0000003E FB08 AA06       mla              r10,r8,r6,r10
  167 00000042 1E64            subs             num,num,#1
  168 00000044 D1E7            bne              ciclo_cal
  169 00000046         
  170 00000046         



ARM Macro Assembler    Page 5 


  171 00000046         
  172 00000046 4700            BX               R0
  173 00000048                 ENDP
  174 00000048         
  175 00000048 00000001 
              0000001E 
              00000002 
              00000046 
              00000003 
              000000C8 
              00000004 
              0000002A 
              00000005 
              00000051 Ingredient_calories
                               DCD              0x01, 30, 0x02, 70, 0x03, 200, 
0x04, 42, 0x05, 81
  176 00000070 00000006 
              00000014         DCD              0x06, 20
  177 00000078         
  178 00000078 00000002 
              00000032 
              00000005 
              00000003 
              00000003 
              0000000A 
              00000001 
              00000005 
              00000004 Ingredient_quantity
                               DCD              0x02, 50, 0x05, 3, 0x03, 10, 0x
01, 5, 0x04
  179 0000009C 00000008 
              00000006 
              0000001E         DCD              8, 0x06, 30
  180 000000A8         
  181 000000A8 06      Num_ingredients
                               DCB              6
  182 000000A9         
  183 000000A9         LTORG
  184 000000A9         
  185 000000A9         
  186 000000A9         ; Dummy Exception Handlers (infinite loops which can be 
                       modified)
  187 000000A9         
  188 000000A9         NMI_Handler
                               PROC
  189 000000A9                 EXPORT           NMI_Handler               [WEAK
]
  190 000000A9 00 E7FE         B                .
  191 000000AC                 ENDP
  193 000000AC         HardFault_Handler
                               PROC
  194 000000AC                 EXPORT           HardFault_Handler         [WEAK
]
  195 000000AC E7FE            B                .
  196 000000AE                 ENDP
  198 000000AE         MemManage_Handler
                               PROC
  199 000000AE                 EXPORT           MemManage_Handler         [WEAK
]



ARM Macro Assembler    Page 6 


  200 000000AE E7FE            B                .
  201 000000B0                 ENDP
  203 000000B0         BusFault_Handler
                               PROC
  204 000000B0                 EXPORT           BusFault_Handler          [WEAK
]
  205 000000B0 E7FE            B                .
  206 000000B2                 ENDP
  208 000000B2         UsageFault_Handler
                               PROC
  209 000000B2                 EXPORT           UsageFault_Handler        [WEAK
]
  210 000000B2 E7FE            B                .
  211 000000B4                 ENDP
  212 000000B4         SVC_Handler
                               PROC
  213 000000B4                 EXPORT           SVC_Handler               [WEAK
]
  214 000000B4 E7FE            B                .
  215 000000B6                 ENDP
  217 000000B6         DebugMon_Handler
                               PROC
  218 000000B6                 EXPORT           DebugMon_Handler          [WEAK
]
  219 000000B6 E7FE            B                .
  220 000000B8                 ENDP
  221 000000B8         PendSV_Handler
                               PROC
  222 000000B8                 EXPORT           PendSV_Handler            [WEAK
]
  223 000000B8 E7FE            B                .
  224 000000BA                 ENDP
  225 000000BA         SysTick_Handler
                               PROC
  226 000000BA                 EXPORT           SysTick_Handler           [WEAK
]
  227 000000BA E7FE            B                .
  228 000000BC                 ENDP
  229 000000BC         
  230 000000BC         Default_Handler
                               PROC
  231 000000BC         
  232 000000BC                 EXPORT           WDT_IRQHandler            [WEAK
]
  233 000000BC                 EXPORT           TIMER0_IRQHandler         [WEAK
]
  234 000000BC                 EXPORT           TIMER1_IRQHandler         [WEAK
]
  235 000000BC                 EXPORT           TIMER2_IRQHandler         [WEAK
]
  236 000000BC                 EXPORT           TIMER3_IRQHandler         [WEAK
]
  237 000000BC                 EXPORT           UART0_IRQHandler          [WEAK
]
  238 000000BC                 EXPORT           UART1_IRQHandler          [WEAK
]
  239 000000BC                 EXPORT           UART2_IRQHandler          [WEAK
]
  240 000000BC                 EXPORT           UART3_IRQHandler          [WEAK



ARM Macro Assembler    Page 7 


]
  241 000000BC                 EXPORT           PWM1_IRQHandler           [WEAK
]
  242 000000BC                 EXPORT           I2C0_IRQHandler           [WEAK
]
  243 000000BC                 EXPORT           I2C1_IRQHandler           [WEAK
]
  244 000000BC                 EXPORT           I2C2_IRQHandler           [WEAK
]
  245 000000BC                 EXPORT           SPI_IRQHandler            [WEAK
]
  246 000000BC                 EXPORT           SSP0_IRQHandler           [WEAK
]
  247 000000BC                 EXPORT           SSP1_IRQHandler           [WEAK
]
  248 000000BC                 EXPORT           PLL0_IRQHandler           [WEAK
]
  249 000000BC                 EXPORT           RTC_IRQHandler            [WEAK
]
  250 000000BC                 EXPORT           EINT0_IRQHandler          [WEAK
]
  251 000000BC                 EXPORT           EINT1_IRQHandler          [WEAK
]
  252 000000BC                 EXPORT           EINT2_IRQHandler          [WEAK
]
  253 000000BC                 EXPORT           EINT3_IRQHandler          [WEAK
]
  254 000000BC                 EXPORT           ADC_IRQHandler            [WEAK
]
  255 000000BC                 EXPORT           BOD_IRQHandler            [WEAK
]
  256 000000BC                 EXPORT           USB_IRQHandler            [WEAK
]
  257 000000BC                 EXPORT           CAN_IRQHandler            [WEAK
]
  258 000000BC                 EXPORT           DMA_IRQHandler            [WEAK
]
  259 000000BC                 EXPORT           I2S_IRQHandler            [WEAK
]
  260 000000BC                 EXPORT           ENET_IRQHandler           [WEAK
]
  261 000000BC                 EXPORT           RIT_IRQHandler            [WEAK
]
  262 000000BC                 EXPORT           MCPWM_IRQHandler          [WEAK
]
  263 000000BC                 EXPORT           QEI_IRQHandler            [WEAK
]
  264 000000BC                 EXPORT           PLL1_IRQHandler           [WEAK
]
  265 000000BC                 EXPORT           USBActivity_IRQHandler    [WEAK
]
  266 000000BC                 EXPORT           CANActivity_IRQHandler    [WEAK
]
  267 000000BC         
  268 000000BC         WDT_IRQHandler
  269 000000BC         TIMER0_IRQHandler
  270 000000BC         TIMER1_IRQHandler
  271 000000BC         TIMER2_IRQHandler
  272 000000BC         TIMER3_IRQHandler



ARM Macro Assembler    Page 8 


  273 000000BC         UART0_IRQHandler
  274 000000BC         UART1_IRQHandler
  275 000000BC         UART2_IRQHandler
  276 000000BC         UART3_IRQHandler
  277 000000BC         PWM1_IRQHandler
  278 000000BC         I2C0_IRQHandler
  279 000000BC         I2C1_IRQHandler
  280 000000BC         I2C2_IRQHandler
  281 000000BC         SPI_IRQHandler
  282 000000BC         SSP0_IRQHandler
  283 000000BC         SSP1_IRQHandler
  284 000000BC         PLL0_IRQHandler
  285 000000BC         RTC_IRQHandler
  286 000000BC         EINT0_IRQHandler
  287 000000BC         EINT1_IRQHandler
  288 000000BC         EINT2_IRQHandler
  289 000000BC         EINT3_IRQHandler
  290 000000BC         ADC_IRQHandler
  291 000000BC         BOD_IRQHandler
  292 000000BC         USB_IRQHandler
  293 000000BC         CAN_IRQHandler
  294 000000BC         DMA_IRQHandler
  295 000000BC         I2S_IRQHandler
  296 000000BC         ENET_IRQHandler
  297 000000BC         RIT_IRQHandler
  298 000000BC         MCPWM_IRQHandler
  299 000000BC         QEI_IRQHandler
  300 000000BC         PLL1_IRQHandler
  301 000000BC         USBActivity_IRQHandler
  302 000000BC         CANActivity_IRQHandler
  303 000000BC         
  304 000000BC E7FE            B                .
  305 000000BE         
  306 000000BE                 ENDP
  307 000000BE         
  308 000000BE         
  309 000000BE 00 00           ALIGN
  310 000000C0         
  311 000000C0         
  312 000000C0         ; User Initial Stack & Heap
  313 000000C0         
  314 000000C0                 EXPORT           __initial_sp
  315 000000C0                 EXPORT           __heap_base
  316 000000C0                 EXPORT           __heap_limit
  317 000000C0         
  318 000000C0                 END
              00000000 
              00000000 
              00000000 
              00000000 
Command Line: --debug --xref --diag_suppress=9931 --cpu=Cortex-M3 --apcs=interw
ork --depend=.\startup.d -o.\startup.o -I.\RTE\_Target_1 -IC:\Users\rfran\AppDa
ta\Local\Arm\Packs\ARM\CMSIS\5.8.0\CMSIS\Core\Include -IC:\Users\rfran\AppData\
Local\Arm\Packs\Keil\LPC1700_DFP\2.7.1\Device\Include --predefine="__EVAL SETA 
1" --predefine="__UVISION_VERSION SETA 536" --predefine="_RTE_ SETA 1" --predef
ine="LPC175x_6x SETA 1" --predefine="_RTE_ SETA 1" --list=.\startup.lst startup
.s



ARM Macro Assembler    Page 1 Alphabetic symbol ordering
Relocatable symbols

STACK 00000000

Symbol: STACK
   Definitions
      At line 33 in file startup.s
   Uses
      None
Comment: STACK unused
Stack_Mem 00000000

Symbol: Stack_Mem
   Definitions
      At line 34 in file startup.s
   Uses
      None
Comment: Stack_Mem unused
__initial_sp 00000200

Symbol: __initial_sp
   Definitions
      At line 35 in file startup.s
   Uses
      At line 59 in file startup.s
      At line 314 in file startup.s

3 symbols



ARM Macro Assembler    Page 1 Alphabetic symbol ordering
Relocatable symbols

HEAP 00000000

Symbol: HEAP
   Definitions
      At line 44 in file startup.s
   Uses
      None
Comment: HEAP unused
Heap_Mem 00000000

Symbol: Heap_Mem
   Definitions
      At line 46 in file startup.s
   Uses
      None
Comment: Heap_Mem unused
__heap_base 00000000

Symbol: __heap_base
   Definitions
      At line 45 in file startup.s
   Uses
      At line 315 in file startup.s
Comment: __heap_base used once
__heap_limit 00000000

Symbol: __heap_limit
   Definitions
      At line 47 in file startup.s
   Uses
      At line 316 in file startup.s
Comment: __heap_limit used once
4 symbols



ARM Macro Assembler    Page 1 Alphabetic symbol ordering
Relocatable symbols

RESET 00000000

Symbol: RESET
   Definitions
      At line 56 in file startup.s
   Uses
      None
Comment: RESET unused
__Vectors 00000000

Symbol: __Vectors
   Definitions
      At line 59 in file startup.s
   Uses
      At line 57 in file startup.s
Comment: __Vectors used once
2 symbols



ARM Macro Assembler    Page 1 Alphabetic symbol ordering
Relocatable symbols

.ARM.__at_0x02FC 00000000

Symbol: .ARM.__at_0x02FC
   Definitions
      At line 115 in file startup.s
   Uses
      None
Comment: .ARM.__at_0x02FC unused
CRP_Key 00000000

Symbol: CRP_Key
   Definitions
      At line 116 in file startup.s
   Uses
      None
Comment: CRP_Key unused
2 symbols



ARM Macro Assembler    Page 1 Alphabetic symbol ordering
Relocatable symbols

.text 00000000

Symbol: .text
   Definitions
      At line 120 in file startup.s
   Uses
      None
Comment: .text unused
ADC_IRQHandler 000000BC

Symbol: ADC_IRQHandler
   Definitions
      At line 290 in file startup.s
   Uses
      At line 99 in file startup.s
      At line 254 in file startup.s

BOD_IRQHandler 000000BC

Symbol: BOD_IRQHandler
   Definitions
      At line 291 in file startup.s
   Uses
      At line 100 in file startup.s
      At line 255 in file startup.s

BusFault_Handler 000000B0

Symbol: BusFault_Handler
   Definitions
      At line 203 in file startup.s
   Uses
      At line 64 in file startup.s
      At line 204 in file startup.s

CANActivity_IRQHandler 000000BC

Symbol: CANActivity_IRQHandler
   Definitions
      At line 302 in file startup.s
   Uses
      At line 111 in file startup.s
      At line 266 in file startup.s

CAN_IRQHandler 000000BC

Symbol: CAN_IRQHandler
   Definitions
      At line 293 in file startup.s
   Uses
      At line 102 in file startup.s
      At line 257 in file startup.s

DMA_IRQHandler 000000BC

Symbol: DMA_IRQHandler
   Definitions
      At line 294 in file startup.s
   Uses



ARM Macro Assembler    Page 2 Alphabetic symbol ordering
Relocatable symbols

      At line 103 in file startup.s
      At line 258 in file startup.s

DebugMon_Handler 000000B6

Symbol: DebugMon_Handler
   Definitions
      At line 217 in file startup.s
   Uses
      At line 71 in file startup.s
      At line 218 in file startup.s

Default_Handler 000000BC

Symbol: Default_Handler
   Definitions
      At line 230 in file startup.s
   Uses
      None
Comment: Default_Handler unused
EINT0_IRQHandler 000000BC

Symbol: EINT0_IRQHandler
   Definitions
      At line 286 in file startup.s
   Uses
      At line 95 in file startup.s
      At line 250 in file startup.s

EINT1_IRQHandler 000000BC

Symbol: EINT1_IRQHandler
   Definitions
      At line 287 in file startup.s
   Uses
      At line 96 in file startup.s
      At line 251 in file startup.s

EINT2_IRQHandler 000000BC

Symbol: EINT2_IRQHandler
   Definitions
      At line 288 in file startup.s
   Uses
      At line 97 in file startup.s
      At line 252 in file startup.s

EINT3_IRQHandler 000000BC

Symbol: EINT3_IRQHandler
   Definitions
      At line 289 in file startup.s
   Uses
      At line 98 in file startup.s
      At line 253 in file startup.s

ENET_IRQHandler 000000BC

Symbol: ENET_IRQHandler



ARM Macro Assembler    Page 3 Alphabetic symbol ordering
Relocatable symbols

   Definitions
      At line 296 in file startup.s
   Uses
      At line 105 in file startup.s
      At line 260 in file startup.s

HardFault_Handler 000000AC

Symbol: HardFault_Handler
   Definitions
      At line 193 in file startup.s
   Uses
      At line 62 in file startup.s
      At line 194 in file startup.s

I2C0_IRQHandler 000000BC

Symbol: I2C0_IRQHandler
   Definitions
      At line 278 in file startup.s
   Uses
      At line 87 in file startup.s
      At line 242 in file startup.s

I2C1_IRQHandler 000000BC

Symbol: I2C1_IRQHandler
   Definitions
      At line 279 in file startup.s
   Uses
      At line 88 in file startup.s
      At line 243 in file startup.s

I2C2_IRQHandler 000000BC

Symbol: I2C2_IRQHandler
   Definitions
      At line 280 in file startup.s
   Uses
      At line 89 in file startup.s
      At line 244 in file startup.s

I2S_IRQHandler 000000BC

Symbol: I2S_IRQHandler
   Definitions
      At line 295 in file startup.s
   Uses
      At line 104 in file startup.s
      At line 259 in file startup.s

Ingredient_calories 00000048

Symbol: Ingredient_calories
   Definitions
      At line 175 in file startup.s
   Uses
      At line 137 in file startup.s
Comment: Ingredient_calories used once



ARM Macro Assembler    Page 4 Alphabetic symbol ordering
Relocatable symbols

Ingredient_quantity 00000078

Symbol: Ingredient_quantity
   Definitions
      At line 178 in file startup.s
   Uses
      At line 138 in file startup.s
Comment: Ingredient_quantity used once
LTORG 000000AA

Symbol: LTORG
   Definitions
      At line 183 in file startup.s
   Uses
      None
Comment: LTORG unused
MCPWM_IRQHandler 000000BC

Symbol: MCPWM_IRQHandler
   Definitions
      At line 298 in file startup.s
   Uses
      At line 107 in file startup.s
      At line 262 in file startup.s

MemManage_Handler 000000AE

Symbol: MemManage_Handler
   Definitions
      At line 198 in file startup.s
   Uses
      At line 63 in file startup.s
      At line 199 in file startup.s

NMI_Handler 000000AA

Symbol: NMI_Handler
   Definitions
      At line 188 in file startup.s
   Uses
      At line 61 in file startup.s
      At line 189 in file startup.s

Num_ingredients 000000A8

Symbol: Num_ingredients
   Definitions
      At line 181 in file startup.s
   Uses
      At line 143 in file startup.s
Comment: Num_ingredients used once
PLL0_IRQHandler 000000BC

Symbol: PLL0_IRQHandler
   Definitions
      At line 284 in file startup.s
   Uses
      At line 93 in file startup.s
      At line 248 in file startup.s



ARM Macro Assembler    Page 5 Alphabetic symbol ordering
Relocatable symbols


PLL1_IRQHandler 000000BC

Symbol: PLL1_IRQHandler
   Definitions
      At line 300 in file startup.s
   Uses
      At line 109 in file startup.s
      At line 264 in file startup.s

PWM1_IRQHandler 000000BC

Symbol: PWM1_IRQHandler
   Definitions
      At line 277 in file startup.s
   Uses
      At line 86 in file startup.s
      At line 241 in file startup.s

PendSV_Handler 000000B8

Symbol: PendSV_Handler
   Definitions
      At line 221 in file startup.s
   Uses
      At line 73 in file startup.s
      At line 222 in file startup.s

QEI_IRQHandler 000000BC

Symbol: QEI_IRQHandler
   Definitions
      At line 299 in file startup.s
   Uses
      At line 108 in file startup.s
      At line 263 in file startup.s

RIT_IRQHandler 000000BC

Symbol: RIT_IRQHandler
   Definitions
      At line 297 in file startup.s
   Uses
      At line 106 in file startup.s
      At line 261 in file startup.s

RTC_IRQHandler 000000BC

Symbol: RTC_IRQHandler
   Definitions
      At line 285 in file startup.s
   Uses
      At line 94 in file startup.s
      At line 249 in file startup.s

Reset_Handler 00000000

Symbol: Reset_Handler
   Definitions



ARM Macro Assembler    Page 6 Alphabetic symbol ordering
Relocatable symbols

      At line 132 in file startup.s
   Uses
      At line 60 in file startup.s
      At line 133 in file startup.s
      At line 134 in file startup.s

SPI_IRQHandler 000000BC

Symbol: SPI_IRQHandler
   Definitions
      At line 281 in file startup.s
   Uses
      At line 90 in file startup.s
      At line 245 in file startup.s

SSP0_IRQHandler 000000BC

Symbol: SSP0_IRQHandler
   Definitions
      At line 282 in file startup.s
   Uses
      At line 91 in file startup.s
      At line 246 in file startup.s

SSP1_IRQHandler 000000BC

Symbol: SSP1_IRQHandler
   Definitions
      At line 283 in file startup.s
   Uses
      At line 92 in file startup.s
      At line 247 in file startup.s

SVC_Handler 000000B4

Symbol: SVC_Handler
   Definitions
      At line 212 in file startup.s
   Uses
      At line 70 in file startup.s
      At line 213 in file startup.s

SysTick_Handler 000000BA

Symbol: SysTick_Handler
   Definitions
      At line 225 in file startup.s
   Uses
      At line 74 in file startup.s
      At line 226 in file startup.s

TIMER0_IRQHandler 000000BC

Symbol: TIMER0_IRQHandler
   Definitions
      At line 269 in file startup.s
   Uses
      At line 78 in file startup.s
      At line 233 in file startup.s



ARM Macro Assembler    Page 7 Alphabetic symbol ordering
Relocatable symbols


TIMER1_IRQHandler 000000BC

Symbol: TIMER1_IRQHandler
   Definitions
      At line 270 in file startup.s
   Uses
      At line 79 in file startup.s
      At line 234 in file startup.s

TIMER2_IRQHandler 000000BC

Symbol: TIMER2_IRQHandler
   Definitions
      At line 271 in file startup.s
   Uses
      At line 80 in file startup.s
      At line 235 in file startup.s

TIMER3_IRQHandler 000000BC

Symbol: TIMER3_IRQHandler
   Definitions
      At line 272 in file startup.s
   Uses
      At line 81 in file startup.s
      At line 236 in file startup.s

UART0_IRQHandler 000000BC

Symbol: UART0_IRQHandler
   Definitions
      At line 273 in file startup.s
   Uses
      At line 82 in file startup.s
      At line 237 in file startup.s

UART1_IRQHandler 000000BC

Symbol: UART1_IRQHandler
   Definitions
      At line 274 in file startup.s
   Uses
      At line 83 in file startup.s
      At line 238 in file startup.s

UART2_IRQHandler 000000BC

Symbol: UART2_IRQHandler
   Definitions
      At line 275 in file startup.s
   Uses
      At line 84 in file startup.s
      At line 239 in file startup.s

UART3_IRQHandler 000000BC

Symbol: UART3_IRQHandler
   Definitions



ARM Macro Assembler    Page 8 Alphabetic symbol ordering
Relocatable symbols

      At line 276 in file startup.s
   Uses
      At line 85 in file startup.s
      At line 240 in file startup.s

USBActivity_IRQHandler 000000BC

Symbol: USBActivity_IRQHandler
   Definitions
      At line 301 in file startup.s
   Uses
      At line 110 in file startup.s
      At line 265 in file startup.s

USB_IRQHandler 000000BC

Symbol: USB_IRQHandler
   Definitions
      At line 292 in file startup.s
   Uses
      At line 101 in file startup.s
      At line 256 in file startup.s

UsageFault_Handler 000000B2

Symbol: UsageFault_Handler
   Definitions
      At line 208 in file startup.s
   Uses
      At line 65 in file startup.s
      At line 209 in file startup.s

WDT_IRQHandler 000000BC

Symbol: WDT_IRQHandler
   Definitions
      At line 268 in file startup.s
   Uses
      At line 77 in file startup.s
      At line 232 in file startup.s

ciclo_cal 00000016

Symbol: ciclo_cal
   Definitions
      At line 153 in file startup.s
   Uses
      At line 168 in file startup.s
Comment: ciclo_cal used once
ciclo_quant 0000002A

Symbol: ciclo_quant
   Definitions
      At line 160 in file startup.s
   Uses
      At line 163 in file startup.s
Comment: ciclo_quant used once
53 symbols



ARM Macro Assembler    Page 1 Alphabetic symbol ordering
Absolute symbols

Heap_Size 00000000

Symbol: Heap_Size
   Definitions
      At line 42 in file startup.s
   Uses
      At line 46 in file startup.s
Comment: Heap_Size used once
Stack_Size 00000200

Symbol: Stack_Size
   Definitions
      At line 31 in file startup.s
   Uses
      At line 34 in file startup.s
Comment: Stack_Size used once
2 symbols
409 symbols in table
